2016-03-05 15:10:14.766 [debug] <0.58.0>@lager_handler_watcher:94 Lager installed handler error_logger_lager_h into error_logger
2016-03-05 15:10:14.766 [debug] <0.54.0>@lager_handler_watcher:94 Lager installed handler {lager_file_backend,
                            "/root/Basho-Sequencer-Optimised/basho_bench/tests/20160305_151014/error.log"} into lager_event
2016-03-05 15:10:14.766 [debug] <0.56.0>@lager_handler_watcher:94 Lager installed handler {lager_file_backend,
                            "/root/Basho-Sequencer-Optimised/basho_bench/tests/20160305_151014/console.log"} into lager_event
2016-03-05 15:10:14.868 [debug] <0.41.0> Supervisor gr_param_sup started gr_param:start_link(gr_lager_default_tracer_params) at pid <0.60.0>
2016-03-05 15:10:14.869 [debug] <0.40.0> Supervisor gr_counter_sup started gr_counter:start_link(gr_lager_default_tracer_counters) at pid <0.61.0>
2016-03-05 15:10:14.869 [debug] <0.42.0> Supervisor gr_manager_sup started gr_manager:start_link(gr_lager_default_tracer_params_mgr, gr_lager_default_tracer_params, []) at pid <0.62.0>
2016-03-05 15:10:14.869 [debug] <0.42.0> Supervisor gr_manager_sup started gr_manager:start_link(gr_lager_default_tracer_counters_mgr, gr_lager_default_tracer_counters, [{input,0},{filter,0},{output,0}]) at pid <0.63.0>
2016-03-05 15:10:15.182 [debug] <0.50.0>@lager_handler_watcher:94 Lager installed handler lager_backend_throttle into lager_event
2016-03-05 15:10:16.989 [info] <0.7.0> Application lager started on node nonode@nohost
2016-03-05 15:10:16.993 [notice] <0.47.0>@lager_file_backend:127 Changed loglevel of /root/Basho-Sequencer-Optimised/basho_bench/tests/20160305_151014/console.log to debug
2016-03-05 15:10:17.016 [info] <0.2.0>@basho_bench_keygen:dimension:213 No dimension available for key generator: {int_to_bin_bigendian,{uniform_int,35000}}
2016-03-05 15:10:17.218 [debug] <0.72.0> Supervisor sasl_safe_sup started alarm_handler:start_link() at pid <0.73.0>
2016-03-05 15:10:17.219 [debug] <0.72.0> Supervisor sasl_safe_sup started overload:start_link() at pid <0.74.0>
2016-03-05 15:10:17.220 [debug] <0.71.0> Supervisor sasl_sup started supervisor:start_link({local,sasl_safe_sup}, sasl, safe) at pid <0.72.0>
2016-03-05 15:10:17.254 [debug] <0.71.0> Supervisor sasl_sup started release_handler:start_link() at pid <0.75.0>
2016-03-05 15:10:17.255 [info] <0.7.0> Application sasl started on node nonode@nohost
2016-03-05 15:10:17.455 [debug] <0.80.0> Supervisor crypto_sup started crypto_server:start_link() at pid <0.81.0>
2016-03-05 15:10:17.456 [info] <0.7.0> Application crypto started on node nonode@nohost
2016-03-05 15:10:17.535 [debug] <0.90.0> Supervisor folsom_sup started folsom_sample_slide_sup:start_link() at pid <0.91.0>
2016-03-05 15:10:17.548 [debug] <0.90.0> Supervisor folsom_sup started folsom_meter_timer_server:start_link() at pid <0.92.0>
2016-03-05 15:10:17.561 [debug] <0.90.0> Supervisor folsom_sup started folsom_metrics_histogram_ets:start_link() at pid <0.93.0>
2016-03-05 15:10:17.561 [info] <0.7.0> Application folsom started on node nonode@nohost
2016-03-05 15:10:17.676 [info] <0.86.0>@basho_bench_stats_writer_csv:new:43 module=basho_bench_stats_writer_csv event=start stats_sink=csv
2016-03-05 15:10:17.678 [debug] <0.85.0> Supervisor basho_bench_sup started basho_bench_stats:start_link() at pid <0.86.0>
2016-03-05 15:10:17.709 [info] <0.97.0>@basho_bench_valgen:init_source:88 Random source: calling crypto:rand_bytes(100663296) (override with the 'value_generator_source_size' config option
2016-03-05 15:10:21.098 [info] <0.97.0>@basho_bench_valgen:init_source:95 Random source: finished crypto:rand_bytes(100663296)
2016-03-05 15:10:21.228 [debug] <0.100.0> Supervisor net_sup started erl_epmd:start_link() at pid <0.101.0>
2016-03-05 15:10:21.247 [debug] <0.100.0> Supervisor net_sup started auth:start_link() at pid <0.102.0>
2016-03-05 15:10:21.283 [info] <0.99.0>@basho_bench_driver_riakclient:new:57 Net kernel started as 'basho_bench1@172.31.0.189'
2016-03-05 15:10:21.284 [debug] <0.100.0> Supervisor net_sup started net_kernel:start_link(['basho_bench1@172.31.0.189',longnames]) at pid <0.103.0>
2016-03-05 15:10:21.285 [debug] <0.11.0> Supervisor kernel_sup started erl_distribution:start_link(['basho_bench1@172.31.0.189',longnames]) at pid <0.100.0>
2016-03-05 15:10:21.302 [debug] <0.107.0> Supervisor inet_gethost_native_sup started undefined at pid <0.108.0>
2016-03-05 15:10:21.303 [debug] <0.26.0> Supervisor kernel_safe_sup started inet_gethost_native:start_link() at pid <0.107.0>
2016-03-05 15:10:21.384 [info] <0.99.0>@basho_bench_driver_riakclient:new:72 Using target node 'riak@172.31.0.174' for worker 1
2016-03-05 15:10:21.596 [debug] <0.85.0> Supervisor basho_bench_sup started basho_bench_worker:start_link(basho_bench_worker_1, 1) at pid <0.97.0>
2016-03-05 15:10:21.597 [debug] <0.26.0> Supervisor kernel_safe_sup started timer:start_link() at pid <0.131.0>
2016-03-05 15:10:21.614 [info] <0.99.0>@basho_bench_worker:worker_idle_loop:237 Starting max worker: <0.99.0> on 'basho_bench1@172.31.0.189'
2016-03-05 15:10:21.615 [info] <0.7.0> Application basho_bench started on node 'basho_bench1@172.31.0.189'
2016-03-05 15:15:22.621 [info] <0.86.0>@basho_bench_stats:report_total_errors:291 No Errors.
2016-03-05 15:15:22.621 [info] <0.86.0>@basho_bench_stats_writer_csv:terminate:62 module=basho_bench_stats_writer_csv event=stop stats_sink=csv
2016-03-05 15:15:22.627 [info] <0.7.0> Application basho_bench exited with reason: stopped
