2016-03-06 19:09:17.835 [debug] <0.54.0>@lager_handler_watcher:94 Lager installed handler {lager_file_backend,
                            "/root/Basho-Sequencer/basho_bench/tests/20160306_190917/error.log"} into lager_event
2016-03-06 19:09:17.835 [debug] <0.56.0>@lager_handler_watcher:94 Lager installed handler {lager_file_backend,
                            "/root/Basho-Sequencer/basho_bench/tests/20160306_190917/console.log"} into lager_event
2016-03-06 19:09:17.835 [debug] <0.58.0>@lager_handler_watcher:94 Lager installed handler error_logger_lager_h into error_logger
2016-03-06 19:09:17.934 [debug] <0.41.0> Supervisor gr_param_sup started gr_param:start_link(gr_lager_default_tracer_params) at pid <0.60.0>
2016-03-06 19:09:17.935 [debug] <0.40.0> Supervisor gr_counter_sup started gr_counter:start_link(gr_lager_default_tracer_counters) at pid <0.61.0>
2016-03-06 19:09:17.935 [debug] <0.42.0> Supervisor gr_manager_sup started gr_manager:start_link(gr_lager_default_tracer_params_mgr, gr_lager_default_tracer_params, []) at pid <0.62.0>
2016-03-06 19:09:17.935 [debug] <0.42.0> Supervisor gr_manager_sup started gr_manager:start_link(gr_lager_default_tracer_counters_mgr, gr_lager_default_tracer_counters, [{input,0},{filter,0},{output,0}]) at pid <0.63.0>
2016-03-06 19:09:18.268 [debug] <0.50.0>@lager_handler_watcher:94 Lager installed handler lager_backend_throttle into lager_event
2016-03-06 19:09:19.457 [info] <0.7.0> Application lager started on node nonode@nohost
2016-03-06 19:09:19.460 [notice] <0.47.0>@lager_file_backend:127 Changed loglevel of /root/Basho-Sequencer/basho_bench/tests/20160306_190917/console.log to debug
2016-03-06 19:09:19.484 [info] <0.2.0>@basho_bench_keygen:dimension:213 No dimension available for key generator: {int_to_bin_bigendian,{uniform_int,35000}}
2016-03-06 19:09:19.625 [debug] <0.72.0> Supervisor sasl_safe_sup started alarm_handler:start_link() at pid <0.73.0>
2016-03-06 19:09:19.626 [debug] <0.72.0> Supervisor sasl_safe_sup started overload:start_link() at pid <0.74.0>
2016-03-06 19:09:19.627 [debug] <0.71.0> Supervisor sasl_sup started supervisor:start_link({local,sasl_safe_sup}, sasl, safe) at pid <0.72.0>
2016-03-06 19:09:19.667 [debug] <0.71.0> Supervisor sasl_sup started release_handler:start_link() at pid <0.75.0>
2016-03-06 19:09:19.668 [info] <0.7.0> Application sasl started on node nonode@nohost
2016-03-06 19:09:19.909 [debug] <0.80.0> Supervisor crypto_sup started crypto_server:start_link() at pid <0.81.0>
2016-03-06 19:09:19.910 [info] <0.7.0> Application crypto started on node nonode@nohost
2016-03-06 19:09:19.991 [debug] <0.90.0> Supervisor folsom_sup started folsom_sample_slide_sup:start_link() at pid <0.91.0>
2016-03-06 19:09:20.009 [debug] <0.90.0> Supervisor folsom_sup started folsom_meter_timer_server:start_link() at pid <0.92.0>
2016-03-06 19:09:20.027 [debug] <0.90.0> Supervisor folsom_sup started folsom_metrics_histogram_ets:start_link() at pid <0.93.0>
2016-03-06 19:09:20.028 [info] <0.7.0> Application folsom started on node nonode@nohost
2016-03-06 19:09:20.159 [info] <0.86.0>@basho_bench_stats_writer_csv:new:43 module=basho_bench_stats_writer_csv event=start stats_sink=csv
2016-03-06 19:09:20.162 [debug] <0.85.0> Supervisor basho_bench_sup started basho_bench_stats:start_link() at pid <0.86.0>
2016-03-06 19:09:20.195 [info] <0.97.0>@basho_bench_valgen:init_source:88 Random source: calling crypto:rand_bytes(100663296) (override with the 'value_generator_source_size' config option
2016-03-06 19:09:23.581 [info] <0.97.0>@basho_bench_valgen:init_source:95 Random source: finished crypto:rand_bytes(100663296)
2016-03-06 19:09:23.730 [debug] <0.100.0> Supervisor net_sup started erl_epmd:start_link() at pid <0.101.0>
2016-03-06 19:09:23.745 [debug] <0.100.0> Supervisor net_sup started auth:start_link() at pid <0.102.0>
2016-03-06 19:09:23.774 [info] <0.99.0>@basho_bench_driver_riakclient:new:56 Net kernel started as 'basho_bench3@172.31.0.198'
2016-03-06 19:09:23.775 [debug] <0.100.0> Supervisor net_sup started net_kernel:start_link(['basho_bench3@172.31.0.198',longnames]) at pid <0.103.0>
2016-03-06 19:09:23.775 [debug] <0.11.0> Supervisor kernel_sup started erl_distribution:start_link(['basho_bench3@172.31.0.198',longnames]) at pid <0.100.0>
2016-03-06 19:09:23.803 [debug] <0.107.0> Supervisor inet_gethost_native_sup started undefined at pid <0.108.0>
2016-03-06 19:09:23.803 [debug] <0.26.0> Supervisor kernel_safe_sup started inet_gethost_native:start_link() at pid <0.107.0>
2016-03-06 19:09:24.212 [error] <0.99.0>@basho_bench_driver_riakclient:ping_each:142 Failed to ping node 'riak@172.31.0.178'
2016-03-06 19:09:24.212 [info] <0.99.0>@basho_bench_driver_riakclient:new:71 Using target node 'riak@172.31.0.178' for worker 1
2016-03-06 19:09:24.499 [error] <0.99.0>@basho_bench_driver_riakclient:new:79 Failed get a riak:client_connect to 'riak@172.31.0.178': {could_not_reach_node,'riak@172.31.0.178'}
2016-03-06 19:09:24.499 [error] <0.99.0>@basho_bench_worker:worker_idle_loop:231 Failed to initialize driver basho_bench_driver_riakclient: ok
